{"timestamp":"2025-07-20T13:56:21.640861","level":"info","event":"DAG bundles loaded: dags-folder, example_dags","logger":"airflow.dag_processing.bundles.manager.DagBundlesManager"}
{"timestamp":"2025-07-20T13:56:21.642314","level":"info","event":"Filling up the DagBag from /opt/airflow/dags/spotify-airflow-orchestrate-lambda-Glue.py","logger":"airflow.models.dagbag.DagBag"}
{"timestamp":"2025-07-20T13:56:22.027783Z","level":"info","event":"Task instance is in running state","chan":"stdout","logger":"task"}
{"timestamp":"2025-07-20T13:56:22.028109Z","level":"info","event":" Previous state of the Task instance: TaskInstanceState.QUEUED","chan":"stdout","logger":"task"}
{"timestamp":"2025-07-20T13:56:22.028289Z","level":"info","event":"Current task name:trigger_glue_job","chan":"stdout","logger":"task"}
{"timestamp":"2025-07-20T13:56:22.028432Z","level":"info","event":"Dag name:lambda_glue_trigger_dag","chan":"stdout","logger":"task"}
{"timestamp":"2025-07-20T13:56:22.029076","level":"info","event":"Initializing AWS Glue Job: spotify_transform_s3_load. Wait for completion: True","logger":"airflow.task.operators.airflow.providers.amazon.aws.operators.glue.GlueJobOperator"}
{"timestamp":"2025-07-20T13:56:22.029365","level":"info","event":"Checking if job already exists: spotify_transform_s3_load","logger":"airflow.task.hooks.airflow.providers.amazon.aws.hooks.glue.GlueJobHook"}
{"timestamp":"2025-07-20T13:56:22.044260","level":"info","event":"Connection Retrieved 'aws-airlow-conn'","logger":"airflow.hooks.base"}
{"timestamp":"2025-07-20T13:56:22.044605","level":"info","event":"AWS Connection (conn_id='aws-airlow-conn', conn_type='aws') credentials retrieved from login and password.","logger":"airflow.providers.amazon.aws.utils.connection_wrapper.AwsConnectionWrapper"}
{"timestamp":"2025-07-20T13:56:24.545322","level":"info","event":"You can monitor this Glue Job run at: https://console.aws.amazon.com/gluestudio/home?region=us-east-1#/job/spotify_transform_s3_load/run/jr_c08b12acfb0643b480c0d9950fb2e947ccb06cadb4b861deaf57153b874a1234","logger":"airflow.task.operators.airflow.providers.amazon.aws.operators.glue.GlueJobOperator"}
{"timestamp":"2025-07-20T13:56:24.855771","level":"info","event":"Polling for AWS Glue Job spotify_transform_s3_load current run state with status RUNNING","logger":"airflow.task.hooks.airflow.providers.amazon.aws.hooks.glue.GlueJobHook"}
{"timestamp":"2025-07-20T13:56:31.212693","level":"info","event":"Polling for AWS Glue Job spotify_transform_s3_load current run state with status RUNNING","logger":"airflow.task.hooks.airflow.providers.amazon.aws.hooks.glue.GlueJobHook"}
{"timestamp":"2025-07-20T13:56:37.624849","level":"info","event":"Polling for AWS Glue Job spotify_transform_s3_load current run state with status RUNNING","logger":"airflow.task.hooks.airflow.providers.amazon.aws.hooks.glue.GlueJobHook"}
{"timestamp":"2025-07-20T13:56:43.928807","level":"info","event":"Polling for AWS Glue Job spotify_transform_s3_load current run state with status RUNNING","logger":"airflow.task.hooks.airflow.providers.amazon.aws.hooks.glue.GlueJobHook"}
{"timestamp":"2025-07-20T13:56:50.267107","level":"info","event":"Polling for AWS Glue Job spotify_transform_s3_load current run state with status RUNNING","logger":"airflow.task.hooks.airflow.providers.amazon.aws.hooks.glue.GlueJobHook"}
{"timestamp":"2025-07-20T13:56:56.594813","level":"info","event":"Polling for AWS Glue Job spotify_transform_s3_load current run state with status RUNNING","logger":"airflow.task.hooks.airflow.providers.amazon.aws.hooks.glue.GlueJobHook"}
{"timestamp":"2025-07-20T13:57:02.927613","level":"info","event":"Polling for AWS Glue Job spotify_transform_s3_load current run state with status RUNNING","logger":"airflow.task.hooks.airflow.providers.amazon.aws.hooks.glue.GlueJobHook"}
{"timestamp":"2025-07-20T13:57:09.263863","level":"info","event":"Polling for AWS Glue Job spotify_transform_s3_load current run state with status RUNNING","logger":"airflow.task.hooks.airflow.providers.amazon.aws.hooks.glue.GlueJobHook"}
{"timestamp":"2025-07-20T13:57:15.600041","level":"info","event":"Polling for AWS Glue Job spotify_transform_s3_load current run state with status RUNNING","logger":"airflow.task.hooks.airflow.providers.amazon.aws.hooks.glue.GlueJobHook"}
{"timestamp":"2025-07-20T13:57:21.939671","level":"info","event":"Polling for AWS Glue Job spotify_transform_s3_load current run state with status RUNNING","logger":"airflow.task.hooks.airflow.providers.amazon.aws.hooks.glue.GlueJobHook"}
{"timestamp":"2025-07-20T13:57:28.250512","level":"info","event":"Polling for AWS Glue Job spotify_transform_s3_load current run state with status RUNNING","logger":"airflow.task.hooks.airflow.providers.amazon.aws.hooks.glue.GlueJobHook"}
{"timestamp":"2025-07-20T13:57:34.571167","level":"info","event":"Polling for AWS Glue Job spotify_transform_s3_load current run state with status RUNNING","logger":"airflow.task.hooks.airflow.providers.amazon.aws.hooks.glue.GlueJobHook"}
{"timestamp":"2025-07-20T13:57:40.922636","level":"info","event":"Polling for AWS Glue Job spotify_transform_s3_load current run state with status RUNNING","logger":"airflow.task.hooks.airflow.providers.amazon.aws.hooks.glue.GlueJobHook"}
{"timestamp":"2025-07-20T13:57:47.280897","level":"info","event":"Polling for AWS Glue Job spotify_transform_s3_load current run state with status RUNNING","logger":"airflow.task.hooks.airflow.providers.amazon.aws.hooks.glue.GlueJobHook"}
{"timestamp":"2025-07-20T13:57:53.626553","level":"info","event":"Polling for AWS Glue Job spotify_transform_s3_load current run state with status RUNNING","logger":"airflow.task.hooks.airflow.providers.amazon.aws.hooks.glue.GlueJobHook"}
{"timestamp":"2025-07-20T13:57:59.943962","level":"info","event":"Polling for AWS Glue Job spotify_transform_s3_load current run state with status RUNNING","logger":"airflow.task.hooks.airflow.providers.amazon.aws.hooks.glue.GlueJobHook"}
{"timestamp":"2025-07-20T13:58:06.298750","level":"info","event":"Exiting Job jr_c08b12acfb0643b480c0d9950fb2e947ccb06cadb4b861deaf57153b874a1234 Run State: FAILED","logger":"airflow.task.hooks.airflow.providers.amazon.aws.hooks.glue.GlueJobHook"}
{"timestamp":"2025-07-20T13:58:06.302791","level":"error","event":"Task failed with exception","logger":"task","error_detail":[{"exc_type":"AirflowException","exc_value":"Exiting Job jr_c08b12acfb0643b480c0d9950fb2e947ccb06cadb4b861deaf57153b874a1234 Run State: FAILED","exc_notes":[],"syntax_error":null,"is_cause":false,"frames":[{"filename":"/home/airflow/.local/lib/python3.12/site-packages/airflow/sdk/execution_time/task_runner.py","lineno":877,"name":"run"},{"filename":"/home/airflow/.local/lib/python3.12/site-packages/airflow/sdk/execution_time/task_runner.py","lineno":1164,"name":"_execute_task"},{"filename":"/home/airflow/.local/lib/python3.12/site-packages/airflow/sdk/bases/operator.py","lineno":397,"name":"wrapper"},{"filename":"/home/airflow/.local/lib/python3.12/site-packages/airflow/providers/amazon/aws/operators/glue.py","lineno":239,"name":"execute"},{"filename":"/home/airflow/.local/lib/python3.12/site-packages/airflow/providers/amazon/aws/hooks/glue.py","lineno":319,"name":"job_completion"},{"filename":"/home/airflow/.local/lib/python3.12/site-packages/airflow/providers/amazon/aws/hooks/glue.py","lineno":367,"name":"_handle_state"}],"is_group":false,"exceptions":[]}]}
{"timestamp":"2025-07-20T13:58:06.382596Z","level":"info","event":"Task instance in failure state","chan":"stdout","logger":"task"}
{"timestamp":"2025-07-20T13:58:06.391191Z","level":"info","event":"Task start","chan":"stdout","logger":"task"}
{"timestamp":"2025-07-20T13:58:06.391505Z","level":"info","event":"Task:<Task(GlueJobOperator): trigger_glue_job>","chan":"stdout","logger":"task"}
{"timestamp":"2025-07-20T13:58:06.391585Z","level":"info","event":"Failure caused by Exiting Job jr_c08b12acfb0643b480c0d9950fb2e947ccb06cadb4b861deaf57153b874a1234 Run State: FAILED","chan":"stdout","logger":"task"}
