{"timestamp":"2025-07-20T13:16:50.976207","level":"info","event":"DAG bundles loaded: dags-folder, example_dags","logger":"airflow.dag_processing.bundles.manager.DagBundlesManager"}
{"timestamp":"2025-07-20T13:16:50.978088","level":"info","event":"Filling up the DagBag from /opt/airflow/dags/spotify-airflow-orchestrate-lambda-Glue.py","logger":"airflow.models.dagbag.DagBag"}
{"timestamp":"2025-07-20T13:16:52.489305Z","level":"info","event":"Task instance is in running state","chan":"stdout","logger":"task"}
{"timestamp":"2025-07-20T13:16:52.491050Z","level":"info","event":" Previous state of the Task instance: TaskInstanceState.QUEUED","chan":"stdout","logger":"task"}
{"timestamp":"2025-07-20T13:16:52.491800Z","level":"info","event":"Current task name:trigger_glue_job","chan":"stdout","logger":"task"}
{"timestamp":"2025-07-20T13:16:52.495221Z","level":"info","event":"Dag name:lambda_glue_trigger_dag","chan":"stdout","logger":"task"}
{"timestamp":"2025-07-20T13:16:52.491272","level":"info","event":"Initializing AWS Glue Job: spotify_transform_s3_load. Wait for completion: True","logger":"airflow.task.operators.airflow.providers.amazon.aws.operators.glue.GlueJobOperator"}
{"timestamp":"2025-07-20T13:16:52.493727","level":"info","event":"Checking if job already exists: spotify_transform_s3_load","logger":"airflow.task.hooks.airflow.providers.amazon.aws.hooks.glue.GlueJobHook"}
{"timestamp":"2025-07-20T13:16:52.588232","level":"info","event":"Connection Retrieved 'aws-airlow-conn'","logger":"airflow.hooks.base"}
{"timestamp":"2025-07-20T13:16:52.588878","level":"info","event":"AWS Connection (conn_id='aws-airlow-conn', conn_type='aws') credentials retrieved from login and password.","logger":"airflow.providers.amazon.aws.utils.connection_wrapper.AwsConnectionWrapper"}
{"timestamp":"2025-07-20T13:16:55.690696","level":"info","event":"You can monitor this Glue Job run at: https://console.aws.amazon.com/gluestudio/home?region=us-east-1#/job/spotify_transform_s3_load/run/jr_5eafcc3001fcd33008ab10756a8ba4d5a974e924bd2a046ef4fb8fd9e19db8e8","logger":"airflow.task.operators.airflow.providers.amazon.aws.operators.glue.GlueJobOperator"}
{"timestamp":"2025-07-20T13:16:56.033631","level":"info","event":"Polling for AWS Glue Job spotify_transform_s3_load current run state with status RUNNING","logger":"airflow.task.hooks.airflow.providers.amazon.aws.hooks.glue.GlueJobHook"}
{"timestamp":"2025-07-20T13:17:02.368941","level":"info","event":"Polling for AWS Glue Job spotify_transform_s3_load current run state with status RUNNING","logger":"airflow.task.hooks.airflow.providers.amazon.aws.hooks.glue.GlueJobHook"}
{"timestamp":"2025-07-20T13:17:08.718931","level":"info","event":"Polling for AWS Glue Job spotify_transform_s3_load current run state with status RUNNING","logger":"airflow.task.hooks.airflow.providers.amazon.aws.hooks.glue.GlueJobHook"}
{"timestamp":"2025-07-20T13:17:15.087407","level":"info","event":"Polling for AWS Glue Job spotify_transform_s3_load current run state with status RUNNING","logger":"airflow.task.hooks.airflow.providers.amazon.aws.hooks.glue.GlueJobHook"}
{"timestamp":"2025-07-20T13:17:21.393806","level":"info","event":"Polling for AWS Glue Job spotify_transform_s3_load current run state with status RUNNING","logger":"airflow.task.hooks.airflow.providers.amazon.aws.hooks.glue.GlueJobHook"}
{"timestamp":"2025-07-20T13:17:27.718519","level":"info","event":"Polling for AWS Glue Job spotify_transform_s3_load current run state with status RUNNING","logger":"airflow.task.hooks.airflow.providers.amazon.aws.hooks.glue.GlueJobHook"}
{"timestamp":"2025-07-20T13:17:34.102456","level":"info","event":"Polling for AWS Glue Job spotify_transform_s3_load current run state with status RUNNING","logger":"airflow.task.hooks.airflow.providers.amazon.aws.hooks.glue.GlueJobHook"}
{"timestamp":"2025-07-20T13:17:40.438404","level":"info","event":"Polling for AWS Glue Job spotify_transform_s3_load current run state with status RUNNING","logger":"airflow.task.hooks.airflow.providers.amazon.aws.hooks.glue.GlueJobHook"}
{"timestamp":"2025-07-20T13:17:46.840098","level":"info","event":"Polling for AWS Glue Job spotify_transform_s3_load current run state with status RUNNING","logger":"airflow.task.hooks.airflow.providers.amazon.aws.hooks.glue.GlueJobHook"}
{"timestamp":"2025-07-20T13:17:53.181200","level":"info","event":"Polling for AWS Glue Job spotify_transform_s3_load current run state with status RUNNING","logger":"airflow.task.hooks.airflow.providers.amazon.aws.hooks.glue.GlueJobHook"}
{"timestamp":"2025-07-20T13:17:59.532755","level":"info","event":"Polling for AWS Glue Job spotify_transform_s3_load current run state with status RUNNING","logger":"airflow.task.hooks.airflow.providers.amazon.aws.hooks.glue.GlueJobHook"}
{"timestamp":"2025-07-20T13:18:05.880026","level":"info","event":"Polling for AWS Glue Job spotify_transform_s3_load current run state with status RUNNING","logger":"airflow.task.hooks.airflow.providers.amazon.aws.hooks.glue.GlueJobHook"}
{"timestamp":"2025-07-20T13:18:12.317931","level":"info","event":"Polling for AWS Glue Job spotify_transform_s3_load current run state with status RUNNING","logger":"airflow.task.hooks.airflow.providers.amazon.aws.hooks.glue.GlueJobHook"}
{"timestamp":"2025-07-20T13:18:18.648413","level":"info","event":"Polling for AWS Glue Job spotify_transform_s3_load current run state with status RUNNING","logger":"airflow.task.hooks.airflow.providers.amazon.aws.hooks.glue.GlueJobHook"}
{"timestamp":"2025-07-20T13:18:24.996018","level":"info","event":"Polling for AWS Glue Job spotify_transform_s3_load current run state with status RUNNING","logger":"airflow.task.hooks.airflow.providers.amazon.aws.hooks.glue.GlueJobHook"}
{"timestamp":"2025-07-20T13:18:31.290986","level":"info","event":"Exiting Job jr_5eafcc3001fcd33008ab10756a8ba4d5a974e924bd2a046ef4fb8fd9e19db8e8 Run State: SUCCEEDED","logger":"airflow.task.hooks.airflow.providers.amazon.aws.hooks.glue.GlueJobHook"}
{"timestamp":"2025-07-20T13:18:31.293297","level":"info","event":"AWS Glue Job: spotify_transform_s3_load status: SUCCEEDED. Run Id: jr_5eafcc3001fcd33008ab10756a8ba4d5a974e924bd2a046ef4fb8fd9e19db8e8","logger":"airflow.task.operators.airflow.providers.amazon.aws.operators.glue.GlueJobOperator"}
{"timestamp":"2025-07-20T13:18:31.303094","level":"info","event":"Pushing xcom","ti":"RuntimeTaskInstance(id=UUID('019827fa-9b62-7295-b9e6-4ca39a668974'), task_id='trigger_glue_job', dag_id='lambda_glue_trigger_dag', run_id='manual__2025-07-20T13:16:31.880275+00:00', try_number=1, map_index=-1, hostname='088db65685fb', context_carrier={}, task=<Task(GlueJobOperator): trigger_glue_job>, bundle_instance=LocalDagBundle(name=dags-folder), max_tries=0, start_date=datetime.datetime(2025, 7, 20, 13, 16, 49, 801433, tzinfo=datetime.timezone.utc), end_date=None, state=<TaskInstanceState.RUNNING: 'running'>, is_mapped=False, rendered_map_index=None, log_url='http://localhost:8080/dags/lambda_glue_trigger_dag/runs/manual__2025-07-20T13%3A16%3A31.880275%2B00%3A00/tasks/trigger_glue_job?try_number=1')","logger":"task"}
{"timestamp":"2025-07-20T13:18:31.468303Z","level":"info","event":"Task instance in success state","chan":"stdout","logger":"task"}
{"timestamp":"2025-07-20T13:18:31.468536Z","level":"info","event":" Previous state of the Task instance: TaskInstanceState.RUNNING","chan":"stdout","logger":"task"}
{"timestamp":"2025-07-20T13:18:31.472787Z","level":"info","event":"Task operator:<Task(GlueJobOperator): trigger_glue_job>","chan":"stdout","logger":"task"}
